OpenROAD v2.0-1901-g6157d4945 
This program is licensed under the BSD-3 license. See the LICENSE file for details.
Components of this program may be licensed under more restrictive licenses which must be honored.
[INFO ODB-0222] Reading LEF file: ./platforms/sky130hd/lef/sky130_fd_sc_hd.tlef
[INFO ODB-0223]     Created 11 technology layers
[INFO ODB-0224]     Created 25 technology vias
[INFO ODB-0226] Finished LEF file:  ./platforms/sky130hd/lef/sky130_fd_sc_hd.tlef
[INFO ODB-0222] Reading LEF file: ./platforms/sky130hd/lef/sky130_fd_sc_hd_merged.lef
[INFO ODB-0225]     Created 437 library cells
[INFO ODB-0226] Finished LEF file:  ./platforms/sky130hd/lef/sky130_fd_sc_hd_merged.lef
[INFO ODB-0127] Reading DEF file: ./results/sky130hd/a2p/base/3_1_place_gp.def
[INFO ODB-0128] Design: A2P_WB
[INFO ODB-0094] 		Created 100000 Insts
[INFO ODB-0094] 		Created 200000 Insts
[INFO ODB-0094] 		Created 300000 Insts
[INFO ODB-0130]     Created 254 pins.
[INFO ODB-0131]     Created 344463 components and 975384 component-terminals.
[INFO ODB-0132]     Created 2 special nets and 688926 connections.
[INFO ODB-0133]     Created 77777 nets and 286452 connections.
[INFO ODB-0134] Finished DEF file: ./results/sky130hd/a2p/base/3_1_place_gp.def
Found 0 macro blocks.
Using 1u default distance from corners.
Using 2 tracks default min distance between IO pins.
[INFO PPL-0010] Tentative 0 to set up sections.
[INFO PPL-0001] Number of slots          18082
[INFO PPL-0002] Number of I/O            254
[INFO PPL-0003] Number of I/O w/sink     254
[INFO PPL-0004] Number of I/O w/o sink   72
[INFO PPL-0005] Slots per section        200
[INFO PPL-0006] Slots increase factor    0.01
[INFO PPL-0008] Successfully assigned pins to sections.
[INFO PPL-0012] I/O nets HPWL: 231177.19 um.
Elapsed time: 0:05.74[h:]min:sec. CPU time: user 5.23 sys 0.30 (96%). Peak memory: 1191752KB.
