OpenROAD v2.0-1901-g6157d4945 
This program is licensed under the BSD-3 license. See the LICENSE file for details.
Components of this program may be licensed under more restrictive licenses which must be honored.
[INFO ODB-0222] Reading LEF file: ./platforms/sky130hd/lef/sky130_fd_sc_hd.tlef
[INFO ODB-0223]     Created 11 technology layers
[INFO ODB-0224]     Created 25 technology vias
[INFO ODB-0226] Finished LEF file:  ./platforms/sky130hd/lef/sky130_fd_sc_hd.tlef
[INFO ODB-0222] Reading LEF file: ./platforms/sky130hd/lef/sky130_fd_sc_hd_merged.lef
[INFO ODB-0225]     Created 437 library cells
[INFO ODB-0226] Finished LEF file:  ./platforms/sky130hd/lef/sky130_fd_sc_hd_merged.lef
[INFO ODB-0127] Reading DEF file: ./results/sky130hd/a2p/base/4_1_cts.def
[INFO ODB-0128] Design: A2P_WB
[INFO ODB-0094] 		Created 100000 Insts
[INFO ODB-0094] 		Created 200000 Insts
[INFO ODB-0094] 		Created 300000 Insts
[INFO ODB-0094] 		Created 400000 Insts
[INFO ODB-0094] 		Created 500000 Insts
[INFO ODB-0094] 		Created 600000 Insts
[INFO ODB-0094] 		Created 700000 Insts
[INFO ODB-0097] 		Created 100000 Nets
[INFO ODB-0097] 		Created 200000 Nets
[INFO ODB-0097] 		Created 300000 Nets
[INFO ODB-0130]     Created 254 pins.
[INFO ODB-0131]     Created 715523 components and 2850343 component-terminals.
[INFO ODB-0132]     Created 2 special nets and 1431046 connections.
[INFO ODB-0133]     Created 378778 nets and 1413101 connections.
[INFO ODB-0134] Finished DEF file: ./results/sky130hd/a2p/base/4_1_cts.def
[INFO DPL-0001] Placed 1982133 filler instances.
Elapsed time: 0:21.08[h:]min:sec. CPU time: user 19.87 sys 0.86 (98%). Peak memory: 2435964KB.
