OpenROAD v2.0-1901-g6157d4945 
This program is licensed under the BSD-3 license. See the LICENSE file for details.
Components of this program may be licensed under more restrictive licenses which must be honored.
[INFO ODB-0222] Reading LEF file: ./platforms/sky130hd/lef/sky130_fd_sc_hd.tlef
[INFO ODB-0223]     Created 11 technology layers
[INFO ODB-0224]     Created 25 technology vias
[INFO ODB-0226] Finished LEF file:  ./platforms/sky130hd/lef/sky130_fd_sc_hd.tlef
[INFO ODB-0222] Reading LEF file: ./platforms/sky130hd/lef/sky130_fd_sc_hd_merged.lef
[INFO ODB-0225]     Created 437 library cells
[INFO ODB-0226] Finished LEF file:  ./platforms/sky130hd/lef/sky130_fd_sc_hd_merged.lef
[INFO ODB-0127] Reading DEF file: ./results/sky130hd/a2p_litex/output/20211125124450/base/4_1_cts.def
[INFO ODB-0128] Design: top
[INFO ODB-0094] 		Created 100000 Insts
[INFO ODB-0094] 		Created 200000 Insts
[INFO ODB-0094] 		Created 300000 Insts
[INFO ODB-0094] 		Created 400000 Insts
[INFO ODB-0094] 		Created 500000 Insts
[INFO ODB-0094] 		Created 600000 Insts
[INFO ODB-0094] 		Created 700000 Insts
[INFO ODB-0097] 		Created 100000 Nets
[INFO ODB-0097] 		Created 200000 Nets
[INFO ODB-0097] 		Created 300000 Nets
[INFO ODB-0130]     Created 533 pins.
[INFO ODB-0131]     Created 731508 components and 2930404 component-terminals.
[INFO ODB-0132]     Created 2 special nets and 1463016 connections.
[INFO ODB-0133]     Created 395413 nets and 1465023 connections.
[INFO ODB-0134] Finished DEF file: ./results/sky130hd/a2p_litex/output/20211125124450/base/4_1_cts.def
[INFO DPL-0001] Placed 1985347 filler instances.
Elapsed time: 0:23.33[h:]min:sec. CPU time: user 22.44 sys 0.86 (99%). Peak memory: 2452676KB.
