OpenROAD v2.0-1901-g6157d4945 
This program is licensed under the BSD-3 license. See the LICENSE file for details.
Components of this program may be licensed under more restrictive licenses which must be honored.
[INFO ODB-0222] Reading LEF file: ./platforms/sky130hd/lef/sky130_fd_sc_hd.tlef
[INFO ODB-0223]     Created 11 technology layers
[INFO ODB-0224]     Created 25 technology vias
[INFO ODB-0226] Finished LEF file:  ./platforms/sky130hd/lef/sky130_fd_sc_hd.tlef
[INFO ODB-0222] Reading LEF file: ./platforms/sky130hd/lef/sky130_fd_sc_hd_merged.lef
[INFO ODB-0225]     Created 437 library cells
[INFO ODB-0226] Finished LEF file:  ./platforms/sky130hd/lef/sky130_fd_sc_hd_merged.lef
[INFO ODB-0127] Reading DEF file: ./results/sky130hd/a2p/base/2_1_floorplan.def
[INFO ODB-0128] Design: A2P_WB
[INFO ODB-0094] 		Created 100000 Insts
[INFO ODB-0094] 		Created 200000 Insts
[INFO ODB-0094] 		Created 300000 Insts
[INFO ODB-0097] 		Created 100000 Nets
[INFO ODB-0097] 		Created 200000 Nets
[INFO ODB-0097] 		Created 300000 Nets
[INFO ODB-0130]     Created 254 pins.
[INFO ODB-0131]     Created 398098 components and 2112445 component-terminals.
[INFO ODB-0133]     Created 327254 nets and 1315959 connections.
[INFO ODB-0134] Finished DEF file: ./results/sky130hd/a2p/base/2_1_floorplan.def
Found 0 macro blocks.
Using 1u default distance from corners.
Using 2 tracks default min distance between IO pins.
[INFO PPL-0007] Random pin placement.
Elapsed time: 0:05.59[h:]min:sec. CPU time: user 5.30 sys 0.26 (99%). Peak memory: 591184KB.
